mode: set
github.com/ploi/terraform-provider-ploicloud/main.go:14.13,26.16 6 0
github.com/ploi/terraform-provider-ploicloud/main.go:26.16,28.3 1 0
github.com/ploi/terraform-provider-ploicloud/internal/client/client.go:19.62,21.46 2 0
github.com/ploi/terraform-provider-ploicloud/internal/client/client.go:21.46,23.3 1 0
github.com/ploi/terraform-provider-ploicloud/internal/client/client.go:25.2,31.3 1 0
github.com/ploi/terraform-provider-ploicloud/internal/client/client.go:34.91,35.14 1 0
github.com/ploi/terraform-provider-ploicloud/internal/client/client.go:35.14,37.3 1 0
github.com/ploi/terraform-provider-ploicloud/internal/client/client.go:38.2,38.25 1 0
github.com/ploi/terraform-provider-ploicloud/internal/client/client.go:38.25,40.3 1 0
github.com/ploi/terraform-provider-ploicloud/internal/client/client.go:41.2,41.25 1 0
github.com/ploi/terraform-provider-ploicloud/internal/client/client.go:41.25,43.3 1 0
github.com/ploi/terraform-provider-ploicloud/internal/client/client.go:44.2,44.22 1 0
github.com/ploi/terraform-provider-ploicloud/internal/client/client.go:44.22,46.3 1 0
github.com/ploi/terraform-provider-ploicloud/internal/client/client.go:48.2,53.17 4 0
github.com/ploi/terraform-provider-ploicloud/internal/client/client.go:53.17,55.21 2 0
github.com/ploi/terraform-provider-ploicloud/internal/client/client.go:55.21,57.4 1 0
github.com/ploi/terraform-provider-ploicloud/internal/client/client.go:58.3,58.23 1 0
github.com/ploi/terraform-provider-ploicloud/internal/client/client.go:58.23,60.4 1 0
github.com/ploi/terraform-provider-ploicloud/internal/client/client.go:61.3,61.70 1 0
github.com/ploi/terraform-provider-ploicloud/internal/client/client.go:62.8,64.3 1 0
github.com/ploi/terraform-provider-ploicloud/internal/client/client.go:66.2,66.16 1 0
github.com/ploi/terraform-provider-ploicloud/internal/client/client.go:66.16,68.3 1 0
github.com/ploi/terraform-provider-ploicloud/internal/client/client.go:70.2,70.16 1 0
github.com/ploi/terraform-provider-ploicloud/internal/client/client.go:70.16,72.3 1 0
github.com/ploi/terraform-provider-ploicloud/internal/client/client.go:74.2,80.11 5 0
github.com/ploi/terraform-provider-ploicloud/internal/client/client.go:80.11,82.18 2 0
github.com/ploi/terraform-provider-ploicloud/internal/client/client.go:82.18,85.4 2 0
github.com/ploi/terraform-provider-ploicloud/internal/client/client.go:88.2,89.16 2 0
github.com/ploi/terraform-provider-ploicloud/internal/client/client.go:89.16,91.3 1 0
github.com/ploi/terraform-provider-ploicloud/internal/client/client.go:93.2,93.11 1 0
github.com/ploi/terraform-provider-ploicloud/internal/client/client.go:93.11,95.23 2 0
github.com/ploi/terraform-provider-ploicloud/internal/client/client.go:95.23,99.22 3 0
github.com/ploi/terraform-provider-ploicloud/internal/client/client.go:99.22,103.5 2 0
github.com/ploi/terraform-provider-ploicloud/internal/client/client.go:107.2,107.18 1 0
github.com/ploi/terraform-provider-ploicloud/internal/client/client.go:110.76,112.16 2 0
github.com/ploi/terraform-provider-ploicloud/internal/client/client.go:112.16,114.3 1 0
github.com/ploi/terraform-provider-ploicloud/internal/client/client.go:115.2,117.79 2 0
github.com/ploi/terraform-provider-ploicloud/internal/client/client.go:117.79,119.69 2 0
github.com/ploi/terraform-provider-ploicloud/internal/client/client.go:119.69,121.4 1 0
github.com/ploi/terraform-provider-ploicloud/internal/client/client.go:122.3,122.78 1 0
github.com/ploi/terraform-provider-ploicloud/internal/client/client.go:125.2,126.67 2 0
github.com/ploi/terraform-provider-ploicloud/internal/client/client.go:126.67,128.3 1 0
github.com/ploi/terraform-provider-ploicloud/internal/client/client.go:130.2,130.26 1 0
github.com/ploi/terraform-provider-ploicloud/internal/client/client.go:133.65,135.16 2 0
github.com/ploi/terraform-provider-ploicloud/internal/client/client.go:135.16,137.3 1 0
github.com/ploi/terraform-provider-ploicloud/internal/client/client.go:138.2,140.44 2 0
github.com/ploi/terraform-provider-ploicloud/internal/client/client.go:140.44,142.3 1 0
github.com/ploi/terraform-provider-ploicloud/internal/client/client.go:144.2,144.38 1 0
github.com/ploi/terraform-provider-ploicloud/internal/client/client.go:144.38,146.69 2 0
github.com/ploi/terraform-provider-ploicloud/internal/client/client.go:146.69,148.4 1 0
github.com/ploi/terraform-provider-ploicloud/internal/client/client.go:149.3,149.75 1 0
github.com/ploi/terraform-provider-ploicloud/internal/client/client.go:152.2,153.67 2 0
github.com/ploi/terraform-provider-ploicloud/internal/client/client.go:153.67,155.3 1 0
github.com/ploi/terraform-provider-ploicloud/internal/client/client.go:157.2,157.26 1 0
github.com/ploi/terraform-provider-ploicloud/internal/client/client.go:160.92,162.16 2 0
github.com/ploi/terraform-provider-ploicloud/internal/client/client.go:162.16,164.3 1 0
github.com/ploi/terraform-provider-ploicloud/internal/client/client.go:165.2,167.38 2 0
github.com/ploi/terraform-provider-ploicloud/internal/client/client.go:167.38,169.69 2 0
github.com/ploi/terraform-provider-ploicloud/internal/client/client.go:169.69,171.4 1 0
github.com/ploi/terraform-provider-ploicloud/internal/client/client.go:172.3,172.78 1 0
github.com/ploi/terraform-provider-ploicloud/internal/client/client.go:175.2,176.67 2 0
github.com/ploi/terraform-provider-ploicloud/internal/client/client.go:176.67,178.3 1 0
github.com/ploi/terraform-provider-ploicloud/internal/client/client.go:180.2,180.26 1 0
github.com/ploi/terraform-provider-ploicloud/internal/client/client.go:183.52,185.16 2 0
github.com/ploi/terraform-provider-ploicloud/internal/client/client.go:185.16,187.3 1 0
github.com/ploi/terraform-provider-ploicloud/internal/client/client.go:188.2,190.81 2 0
github.com/ploi/terraform-provider-ploicloud/internal/client/client.go:190.81,192.69 2 0
github.com/ploi/terraform-provider-ploicloud/internal/client/client.go:192.69,194.4 1 0
github.com/ploi/terraform-provider-ploicloud/internal/client/client.go:195.3,195.73 1 0
github.com/ploi/terraform-provider-ploicloud/internal/client/client.go:198.2,198.12 1 0
github.com/ploi/terraform-provider-ploicloud/internal/client/client.go:201.52,203.16 2 0
github.com/ploi/terraform-provider-ploicloud/internal/client/client.go:203.16,205.3 1 0
github.com/ploi/terraform-provider-ploicloud/internal/client/client.go:206.2,208.38 2 0
github.com/ploi/terraform-provider-ploicloud/internal/client/client.go:208.38,210.69 2 0
github.com/ploi/terraform-provider-ploicloud/internal/client/client.go:210.69,212.4 1 0
github.com/ploi/terraform-provider-ploicloud/internal/client/client.go:213.3,213.73 1 0
github.com/ploi/terraform-provider-ploicloud/internal/client/client.go:216.2,216.12 1 0
github.com/ploi/terraform-provider-ploicloud/internal/client/client.go:219.90,221.16 2 0
github.com/ploi/terraform-provider-ploicloud/internal/client/client.go:221.16,223.3 1 0
github.com/ploi/terraform-provider-ploicloud/internal/client/client.go:224.2,226.79 2 0
github.com/ploi/terraform-provider-ploicloud/internal/client/client.go:226.79,228.69 2 0
github.com/ploi/terraform-provider-ploicloud/internal/client/client.go:228.69,230.4 1 0
github.com/ploi/terraform-provider-ploicloud/internal/client/client.go:231.3,231.74 1 0
github.com/ploi/terraform-provider-ploicloud/internal/client/client.go:234.2,235.67 2 0
github.com/ploi/terraform-provider-ploicloud/internal/client/client.go:235.67,237.3 1 0
github.com/ploi/terraform-provider-ploicloud/internal/client/client.go:239.2,239.26 1 0
github.com/ploi/terraform-provider-ploicloud/internal/client/client.go:242.90,246.16 2 0
github.com/ploi/terraform-provider-ploicloud/internal/client/client.go:246.16,248.3 1 0
github.com/ploi/terraform-provider-ploicloud/internal/client/client.go:250.2,250.16 1 0
github.com/ploi/terraform-provider-ploicloud/internal/client/client.go:250.16,252.3 1 0
github.com/ploi/terraform-provider-ploicloud/internal/client/client.go:255.2,255.39 1 0
github.com/ploi/terraform-provider-ploicloud/internal/client/client.go:255.39,256.30 1 0
github.com/ploi/terraform-provider-ploicloud/internal/client/client.go:256.30,260.4 2 0
github.com/ploi/terraform-provider-ploicloud/internal/client/client.go:264.2,264.17 1 0
github.com/ploi/terraform-provider-ploicloud/internal/client/client.go:267.122,269.16 2 0
github.com/ploi/terraform-provider-ploicloud/internal/client/client.go:269.16,271.3 1 0
github.com/ploi/terraform-provider-ploicloud/internal/client/client.go:272.2,274.38 2 0
github.com/ploi/terraform-provider-ploicloud/internal/client/client.go:274.38,276.69 2 0
github.com/ploi/terraform-provider-ploicloud/internal/client/client.go:276.69,278.4 1 0
github.com/ploi/terraform-provider-ploicloud/internal/client/client.go:279.3,279.74 1 0
github.com/ploi/terraform-provider-ploicloud/internal/client/client.go:282.2,283.67 2 0
github.com/ploi/terraform-provider-ploicloud/internal/client/client.go:283.67,285.3 1 0
github.com/ploi/terraform-provider-ploicloud/internal/client/client.go:287.2,287.26 1 0
github.com/ploi/terraform-provider-ploicloud/internal/client/client.go:290.70,292.16 2 0
github.com/ploi/terraform-provider-ploicloud/internal/client/client.go:292.16,294.3 1 0
github.com/ploi/terraform-provider-ploicloud/internal/client/client.go:295.2,297.81 2 0
github.com/ploi/terraform-provider-ploicloud/internal/client/client.go:297.81,299.69 2 0
github.com/ploi/terraform-provider-ploicloud/internal/client/client.go:299.69,301.4 1 0
github.com/ploi/terraform-provider-ploicloud/internal/client/client.go:302.3,302.69 1 0
github.com/ploi/terraform-provider-ploicloud/internal/client/client.go:305.2,305.12 1 0
github.com/ploi/terraform-provider-ploicloud/internal/client/client.go:308.86,310.16 2 0
github.com/ploi/terraform-provider-ploicloud/internal/client/client.go:310.16,312.3 1 0
github.com/ploi/terraform-provider-ploicloud/internal/client/client.go:313.2,315.79 2 0
github.com/ploi/terraform-provider-ploicloud/internal/client/client.go:315.79,317.69 2 0
github.com/ploi/terraform-provider-ploicloud/internal/client/client.go:317.69,319.4 1 0
github.com/ploi/terraform-provider-ploicloud/internal/client/client.go:320.3,320.73 1 0
github.com/ploi/terraform-provider-ploicloud/internal/client/client.go:323.2,324.67 2 0
github.com/ploi/terraform-provider-ploicloud/internal/client/client.go:324.67,326.3 1 0
github.com/ploi/terraform-provider-ploicloud/internal/client/client.go:328.2,328.26 1 0
github.com/ploi/terraform-provider-ploicloud/internal/client/client.go:331.87,333.16 2 0
github.com/ploi/terraform-provider-ploicloud/internal/client/client.go:333.16,335.3 1 0
github.com/ploi/terraform-provider-ploicloud/internal/client/client.go:336.2,338.44 2 0
github.com/ploi/terraform-provider-ploicloud/internal/client/client.go:338.44,340.3 1 0
github.com/ploi/terraform-provider-ploicloud/internal/client/client.go:342.2,342.38 1 0
github.com/ploi/terraform-provider-ploicloud/internal/client/client.go:342.38,344.69 2 0
github.com/ploi/terraform-provider-ploicloud/internal/client/client.go:344.69,346.4 1 0
github.com/ploi/terraform-provider-ploicloud/internal/client/client.go:347.3,347.70 1 0
github.com/ploi/terraform-provider-ploicloud/internal/client/client.go:350.2,351.67 2 0
github.com/ploi/terraform-provider-ploicloud/internal/client/client.go:351.67,353.3 1 0
github.com/ploi/terraform-provider-ploicloud/internal/client/client.go:355.2,355.26 1 0
github.com/ploi/terraform-provider-ploicloud/internal/client/client.go:358.68,360.16 2 0
github.com/ploi/terraform-provider-ploicloud/internal/client/client.go:360.16,362.3 1 0
github.com/ploi/terraform-provider-ploicloud/internal/client/client.go:363.2,365.81 2 0
github.com/ploi/terraform-provider-ploicloud/internal/client/client.go:365.81,367.69 2 0
github.com/ploi/terraform-provider-ploicloud/internal/client/client.go:367.69,369.4 1 0
github.com/ploi/terraform-provider-ploicloud/internal/client/client.go:370.3,370.68 1 0
github.com/ploi/terraform-provider-ploicloud/internal/client/client.go:373.2,373.12 1 0
github.com/ploi/terraform-provider-ploicloud/internal/client/client.go:376.86,378.16 2 0
github.com/ploi/terraform-provider-ploicloud/internal/client/client.go:378.16,380.3 1 0
github.com/ploi/terraform-provider-ploicloud/internal/client/client.go:381.2,383.79 2 0
github.com/ploi/terraform-provider-ploicloud/internal/client/client.go:383.79,385.69 2 0
github.com/ploi/terraform-provider-ploicloud/internal/client/client.go:385.69,387.4 1 0
github.com/ploi/terraform-provider-ploicloud/internal/client/client.go:388.3,388.73 1 0
github.com/ploi/terraform-provider-ploicloud/internal/client/client.go:391.2,392.67 2 0
github.com/ploi/terraform-provider-ploicloud/internal/client/client.go:392.67,394.3 1 0
github.com/ploi/terraform-provider-ploicloud/internal/client/client.go:396.2,396.26 1 0
github.com/ploi/terraform-provider-ploicloud/internal/client/client.go:399.89,402.16 2 0
github.com/ploi/terraform-provider-ploicloud/internal/client/client.go:402.16,404.3 1 0
github.com/ploi/terraform-provider-ploicloud/internal/client/client.go:405.2,407.44 2 0
github.com/ploi/terraform-provider-ploicloud/internal/client/client.go:407.44,409.3 1 0
github.com/ploi/terraform-provider-ploicloud/internal/client/client.go:411.2,411.38 1 0
github.com/ploi/terraform-provider-ploicloud/internal/client/client.go:411.38,413.69 2 0
github.com/ploi/terraform-provider-ploicloud/internal/client/client.go:413.69,415.4 1 0
github.com/ploi/terraform-provider-ploicloud/internal/client/client.go:416.3,416.71 1 0
github.com/ploi/terraform-provider-ploicloud/internal/client/client.go:419.2,420.67 2 0
github.com/ploi/terraform-provider-ploicloud/internal/client/client.go:420.67,422.3 1 0
github.com/ploi/terraform-provider-ploicloud/internal/client/client.go:425.2,425.37 1 0
github.com/ploi/terraform-provider-ploicloud/internal/client/client.go:425.37,426.24 1 0
github.com/ploi/terraform-provider-ploicloud/internal/client/client.go:426.24,428.4 1 0
github.com/ploi/terraform-provider-ploicloud/internal/client/client.go:431.2,431.17 1 0
github.com/ploi/terraform-provider-ploicloud/internal/client/client.go:434.119,436.16 2 0
github.com/ploi/terraform-provider-ploicloud/internal/client/client.go:436.16,438.3 1 0
github.com/ploi/terraform-provider-ploicloud/internal/client/client.go:439.2,441.38 2 0
github.com/ploi/terraform-provider-ploicloud/internal/client/client.go:441.38,443.69 2 0
github.com/ploi/terraform-provider-ploicloud/internal/client/client.go:443.69,445.4 1 0
github.com/ploi/terraform-provider-ploicloud/internal/client/client.go:446.3,446.73 1 0
github.com/ploi/terraform-provider-ploicloud/internal/client/client.go:449.2,450.67 2 0
github.com/ploi/terraform-provider-ploicloud/internal/client/client.go:450.67,452.3 1 0
github.com/ploi/terraform-provider-ploicloud/internal/client/client.go:454.2,454.26 1 0
github.com/ploi/terraform-provider-ploicloud/internal/client/client.go:457.70,459.16 2 0
github.com/ploi/terraform-provider-ploicloud/internal/client/client.go:459.16,461.3 1 0
github.com/ploi/terraform-provider-ploicloud/internal/client/client.go:462.2,464.81 2 0
github.com/ploi/terraform-provider-ploicloud/internal/client/client.go:464.81,466.69 2 0
github.com/ploi/terraform-provider-ploicloud/internal/client/client.go:466.69,468.4 1 0
github.com/ploi/terraform-provider-ploicloud/internal/client/client.go:469.3,469.68 1 0
github.com/ploi/terraform-provider-ploicloud/internal/client/client.go:472.2,472.12 1 0
github.com/ploi/terraform-provider-ploicloud/internal/client/client.go:475.86,477.16 2 0
github.com/ploi/terraform-provider-ploicloud/internal/client/client.go:477.16,479.3 1 0
github.com/ploi/terraform-provider-ploicloud/internal/client/client.go:480.2,482.79 2 0
github.com/ploi/terraform-provider-ploicloud/internal/client/client.go:482.79,484.69 2 0
github.com/ploi/terraform-provider-ploicloud/internal/client/client.go:484.69,486.4 1 0
github.com/ploi/terraform-provider-ploicloud/internal/client/client.go:487.3,487.73 1 0
github.com/ploi/terraform-provider-ploicloud/internal/client/client.go:490.2,491.67 2 0
github.com/ploi/terraform-provider-ploicloud/internal/client/client.go:491.67,493.3 1 0
github.com/ploi/terraform-provider-ploicloud/internal/client/client.go:495.2,495.26 1 0
github.com/ploi/terraform-provider-ploicloud/internal/client/client.go:498.87,500.16 2 0
github.com/ploi/terraform-provider-ploicloud/internal/client/client.go:500.16,502.3 1 0
github.com/ploi/terraform-provider-ploicloud/internal/client/client.go:503.2,505.44 2 0
github.com/ploi/terraform-provider-ploicloud/internal/client/client.go:505.44,507.3 1 0
github.com/ploi/terraform-provider-ploicloud/internal/client/client.go:509.2,509.38 1 0
github.com/ploi/terraform-provider-ploicloud/internal/client/client.go:509.38,511.69 2 0
github.com/ploi/terraform-provider-ploicloud/internal/client/client.go:511.69,513.4 1 0
github.com/ploi/terraform-provider-ploicloud/internal/client/client.go:514.3,514.70 1 0
github.com/ploi/terraform-provider-ploicloud/internal/client/client.go:517.2,518.67 2 0
github.com/ploi/terraform-provider-ploicloud/internal/client/client.go:518.67,520.3 1 0
github.com/ploi/terraform-provider-ploicloud/internal/client/client.go:522.2,522.26 1 0
github.com/ploi/terraform-provider-ploicloud/internal/client/client.go:525.117,527.16 2 0
github.com/ploi/terraform-provider-ploicloud/internal/client/client.go:527.16,529.3 1 0
github.com/ploi/terraform-provider-ploicloud/internal/client/client.go:530.2,532.38 2 0
github.com/ploi/terraform-provider-ploicloud/internal/client/client.go:532.38,534.69 2 0
github.com/ploi/terraform-provider-ploicloud/internal/client/client.go:534.69,536.4 1 0
github.com/ploi/terraform-provider-ploicloud/internal/client/client.go:537.3,537.73 1 0
github.com/ploi/terraform-provider-ploicloud/internal/client/client.go:540.2,541.67 2 0
github.com/ploi/terraform-provider-ploicloud/internal/client/client.go:541.67,543.3 1 0
github.com/ploi/terraform-provider-ploicloud/internal/client/client.go:545.2,545.26 1 0
github.com/ploi/terraform-provider-ploicloud/internal/client/client.go:548.68,550.16 2 0
github.com/ploi/terraform-provider-ploicloud/internal/client/client.go:550.16,552.3 1 0
github.com/ploi/terraform-provider-ploicloud/internal/client/client.go:553.2,555.81 2 0
github.com/ploi/terraform-provider-ploicloud/internal/client/client.go:555.81,557.69 2 0
github.com/ploi/terraform-provider-ploicloud/internal/client/client.go:557.69,559.4 1 0
github.com/ploi/terraform-provider-ploicloud/internal/client/client.go:560.3,560.68 1 0
github.com/ploi/terraform-provider-ploicloud/internal/client/client.go:563.2,563.12 1 0
github.com/ploi/terraform-provider-ploicloud/internal/client/client.go:566.64,568.16 2 0
github.com/ploi/terraform-provider-ploicloud/internal/client/client.go:568.16,570.3 1 0
github.com/ploi/terraform-provider-ploicloud/internal/client/client.go:571.2,573.79 2 0
github.com/ploi/terraform-provider-ploicloud/internal/client/client.go:573.79,575.69 2 0
github.com/ploi/terraform-provider-ploicloud/internal/client/client.go:575.69,577.4 1 0
github.com/ploi/terraform-provider-ploicloud/internal/client/client.go:578.3,578.73 1 0
github.com/ploi/terraform-provider-ploicloud/internal/client/client.go:581.2,582.67 2 0
github.com/ploi/terraform-provider-ploicloud/internal/client/client.go:582.67,584.3 1 0
github.com/ploi/terraform-provider-ploicloud/internal/client/client.go:586.2,586.26 1 0
github.com/ploi/terraform-provider-ploicloud/internal/client/client.go:589.76,591.16 2 0
github.com/ploi/terraform-provider-ploicloud/internal/client/client.go:591.16,593.3 1 0
github.com/ploi/terraform-provider-ploicloud/internal/client/client.go:594.2,596.44 2 0
github.com/ploi/terraform-provider-ploicloud/internal/client/client.go:596.44,598.3 1 0
github.com/ploi/terraform-provider-ploicloud/internal/client/client.go:600.2,600.38 1 0
github.com/ploi/terraform-provider-ploicloud/internal/client/client.go:600.38,602.69 2 0
github.com/ploi/terraform-provider-ploicloud/internal/client/client.go:602.69,604.4 1 0
github.com/ploi/terraform-provider-ploicloud/internal/client/client.go:605.3,605.70 1 0
github.com/ploi/terraform-provider-ploicloud/internal/client/client.go:608.2,609.67 2 0
github.com/ploi/terraform-provider-ploicloud/internal/client/client.go:609.67,611.3 1 0
github.com/ploi/terraform-provider-ploicloud/internal/client/client.go:613.2,613.26 1 0
github.com/ploi/terraform-provider-ploicloud/internal/client/client.go:616.95,618.16 2 0
github.com/ploi/terraform-provider-ploicloud/internal/client/client.go:618.16,620.3 1 0
github.com/ploi/terraform-provider-ploicloud/internal/client/client.go:621.2,623.38 2 0
github.com/ploi/terraform-provider-ploicloud/internal/client/client.go:623.38,625.69 2 0
github.com/ploi/terraform-provider-ploicloud/internal/client/client.go:625.69,627.4 1 0
github.com/ploi/terraform-provider-ploicloud/internal/client/client.go:628.3,628.73 1 0
github.com/ploi/terraform-provider-ploicloud/internal/client/client.go:631.2,632.67 2 0
github.com/ploi/terraform-provider-ploicloud/internal/client/client.go:632.67,634.3 1 0
github.com/ploi/terraform-provider-ploicloud/internal/client/client.go:636.2,636.26 1 0
github.com/ploi/terraform-provider-ploicloud/internal/client/client.go:639.68,641.16 2 0
github.com/ploi/terraform-provider-ploicloud/internal/client/client.go:641.16,643.3 1 0
github.com/ploi/terraform-provider-ploicloud/internal/client/client.go:644.2,646.81 2 0
github.com/ploi/terraform-provider-ploicloud/internal/client/client.go:646.81,648.69 2 0
github.com/ploi/terraform-provider-ploicloud/internal/client/client.go:648.69,650.4 1 0
github.com/ploi/terraform-provider-ploicloud/internal/client/client.go:651.3,651.68 1 0
github.com/ploi/terraform-provider-ploicloud/internal/client/client.go:654.2,654.12 1 0
github.com/ploi/terraform-provider-ploicloud/internal/client/models.go:66.62,69.49 2 1
github.com/ploi/terraform-provider-ploicloud/internal/client/models.go:69.49,72.3 2 1
github.com/ploi/terraform-provider-ploicloud/internal/client/models.go:75.2,76.51 2 1
github.com/ploi/terraform-provider-ploicloud/internal/client/models.go:76.51,80.3 2 1
github.com/ploi/terraform-provider-ploicloud/internal/client/models.go:83.2,84.12 2 0
github.com/ploi/terraform-provider-ploicloud/internal/client/models.go:87.58,89.2 1 1
github.com/ploi/terraform-provider-ploicloud/internal/client/models.go:92.54,94.2 1 1
github.com/ploi/terraform-provider-ploicloud/internal/client/models.go:96.68,98.2 1 1
github.com/ploi/terraform-provider-ploicloud/internal/provider/application_data_source.go:15.55,17.2 1 0
github.com/ploi/terraform-provider-ploicloud/internal/provider/application_data_source.go:35.130,37.2 1 0
github.com/ploi/terraform-provider-ploicloud/internal/provider/application_data_source.go:39.124,82.2 1 0
github.com/ploi/terraform-provider-ploicloud/internal/provider/application_data_source.go:84.133,85.29 1 0
github.com/ploi/terraform-provider-ploicloud/internal/provider/application_data_source.go:85.29,87.3 1 0
github.com/ploi/terraform-provider-ploicloud/internal/provider/application_data_source.go:89.2,90.9 2 0
github.com/ploi/terraform-provider-ploicloud/internal/provider/application_data_source.go:90.9,96.3 2 0
github.com/ploi/terraform-provider-ploicloud/internal/provider/application_data_source.go:98.2,98.19 1 0
github.com/ploi/terraform-provider-ploicloud/internal/provider/application_data_source.go:101.118,105.33 3 0
github.com/ploi/terraform-provider-ploicloud/internal/provider/application_data_source.go:105.33,107.3 1 0
github.com/ploi/terraform-provider-ploicloud/internal/provider/application_data_source.go:109.2,110.16 2 0
github.com/ploi/terraform-provider-ploicloud/internal/provider/application_data_source.go:110.16,113.3 2 0
github.com/ploi/terraform-provider-ploicloud/internal/provider/application_data_source.go:115.2,115.16 1 0
github.com/ploi/terraform-provider-ploicloud/internal/provider/application_data_source.go:115.16,118.3 2 0
github.com/ploi/terraform-provider-ploicloud/internal/provider/application_data_source.go:120.2,130.56 10 0
github.com/ploi/terraform-provider-ploicloud/internal/provider/application_resource.go:23.49,25.2 1 1
github.com/ploi/terraform-provider-ploicloud/internal/provider/application_resource.go:69.124,71.2 1 0
github.com/ploi/terraform-provider-ploicloud/internal/provider/application_resource.go:73.118,230.2 1 1
github.com/ploi/terraform-provider-ploicloud/internal/provider/application_resource.go:232.127,233.29 1 0
github.com/ploi/terraform-provider-ploicloud/internal/provider/application_resource.go:233.29,235.3 1 0
github.com/ploi/terraform-provider-ploicloud/internal/provider/application_resource.go:237.2,238.9 2 0
github.com/ploi/terraform-provider-ploicloud/internal/provider/application_resource.go:238.9,244.3 2 0
github.com/ploi/terraform-provider-ploicloud/internal/provider/application_resource.go:246.2,246.19 1 0
github.com/ploi/terraform-provider-ploicloud/internal/provider/application_resource.go:249.118,253.33 3 0
github.com/ploi/terraform-provider-ploicloud/internal/provider/application_resource.go:253.33,255.3 1 0
github.com/ploi/terraform-provider-ploicloud/internal/provider/application_resource.go:257.2,260.16 3 0
github.com/ploi/terraform-provider-ploicloud/internal/provider/application_resource.go:260.16,263.3 2 0
github.com/ploi/terraform-provider-ploicloud/internal/provider/application_resource.go:265.2,268.29 2 0
github.com/ploi/terraform-provider-ploicloud/internal/provider/application_resource.go:268.29,270.17 2 0
github.com/ploi/terraform-provider-ploicloud/internal/provider/application_resource.go:270.17,273.4 1 0
github.com/ploi/terraform-provider-ploicloud/internal/provider/application_resource.go:276.3,277.37 2 0
github.com/ploi/terraform-provider-ploicloud/internal/provider/application_resource.go:277.37,279.4 1 0
github.com/ploi/terraform-provider-ploicloud/internal/provider/application_resource.go:282.2,282.56 1 0
github.com/ploi/terraform-provider-ploicloud/internal/provider/application_resource.go:285.112,289.33 3 0
github.com/ploi/terraform-provider-ploicloud/internal/provider/application_resource.go:289.33,291.3 1 0
github.com/ploi/terraform-provider-ploicloud/internal/provider/application_resource.go:293.2,294.16 2 0
github.com/ploi/terraform-provider-ploicloud/internal/provider/application_resource.go:294.16,297.3 2 0
github.com/ploi/terraform-provider-ploicloud/internal/provider/application_resource.go:299.2,299.16 1 0
github.com/ploi/terraform-provider-ploicloud/internal/provider/application_resource.go:299.16,302.3 2 0
github.com/ploi/terraform-provider-ploicloud/internal/provider/application_resource.go:304.2,306.56 2 0
github.com/ploi/terraform-provider-ploicloud/internal/provider/application_resource.go:309.118,314.33 4 0
github.com/ploi/terraform-provider-ploicloud/internal/provider/application_resource.go:314.33,316.3 1 0
github.com/ploi/terraform-provider-ploicloud/internal/provider/application_resource.go:318.2,319.33 2 0
github.com/ploi/terraform-provider-ploicloud/internal/provider/application_resource.go:319.33,321.3 1 0
github.com/ploi/terraform-provider-ploicloud/internal/provider/application_resource.go:324.2,327.16 3 0
github.com/ploi/terraform-provider-ploicloud/internal/provider/application_resource.go:327.16,330.3 2 0
github.com/ploi/terraform-provider-ploicloud/internal/provider/application_resource.go:332.2,335.29 2 0
github.com/ploi/terraform-provider-ploicloud/internal/provider/application_resource.go:335.29,337.17 2 0
github.com/ploi/terraform-provider-ploicloud/internal/provider/application_resource.go:337.17,340.4 1 0
github.com/ploi/terraform-provider-ploicloud/internal/provider/application_resource.go:343.3,344.37 2 0
github.com/ploi/terraform-provider-ploicloud/internal/provider/application_resource.go:344.37,346.4 1 0
github.com/ploi/terraform-provider-ploicloud/internal/provider/application_resource.go:349.2,349.56 1 0
github.com/ploi/terraform-provider-ploicloud/internal/provider/application_resource.go:352.118,356.33 3 0
github.com/ploi/terraform-provider-ploicloud/internal/provider/application_resource.go:356.33,358.3 1 0
github.com/ploi/terraform-provider-ploicloud/internal/provider/application_resource.go:360.2,361.16 2 0
github.com/ploi/terraform-provider-ploicloud/internal/provider/application_resource.go:361.16,364.3 2 0
github.com/ploi/terraform-provider-ploicloud/internal/provider/application_resource.go:367.133,369.16 2 0
github.com/ploi/terraform-provider-ploicloud/internal/provider/application_resource.go:369.16,372.3 2 0
github.com/ploi/terraform-provider-ploicloud/internal/provider/application_resource.go:374.2,374.79 1 0
github.com/ploi/terraform-provider-ploicloud/internal/provider/application_resource.go:377.94,391.23 2 1
github.com/ploi/terraform-provider-ploicloud/internal/provider/application_resource.go:391.23,393.3 1 1
github.com/ploi/terraform-provider-ploicloud/internal/provider/application_resource.go:395.2,395.36 1 1
github.com/ploi/terraform-provider-ploicloud/internal/provider/application_resource.go:395.36,397.3 1 0
github.com/ploi/terraform-provider-ploicloud/internal/provider/application_resource.go:399.2,399.25 1 1
github.com/ploi/terraform-provider-ploicloud/internal/provider/application_resource.go:399.25,400.40 1 1
github.com/ploi/terraform-provider-ploicloud/internal/provider/application_resource.go:400.40,402.4 1 1
github.com/ploi/terraform-provider-ploicloud/internal/provider/application_resource.go:403.3,403.43 1 1
github.com/ploi/terraform-provider-ploicloud/internal/provider/application_resource.go:403.43,405.4 1 0
github.com/ploi/terraform-provider-ploicloud/internal/provider/application_resource.go:408.2,408.26 1 1
github.com/ploi/terraform-provider-ploicloud/internal/provider/application_resource.go:408.26,409.46 1 1
github.com/ploi/terraform-provider-ploicloud/internal/provider/application_resource.go:409.46,411.4 1 0
github.com/ploi/terraform-provider-ploicloud/internal/provider/application_resource.go:412.3,412.47 1 1
github.com/ploi/terraform-provider-ploicloud/internal/provider/application_resource.go:412.47,414.4 1 0
github.com/ploi/terraform-provider-ploicloud/internal/provider/application_resource.go:415.3,415.39 1 1
github.com/ploi/terraform-provider-ploicloud/internal/provider/application_resource.go:415.39,417.4 1 1
github.com/ploi/terraform-provider-ploicloud/internal/provider/application_resource.go:418.3,418.41 1 1
github.com/ploi/terraform-provider-ploicloud/internal/provider/application_resource.go:418.41,420.4 1 0
github.com/ploi/terraform-provider-ploicloud/internal/provider/application_resource.go:421.3,421.44 1 1
github.com/ploi/terraform-provider-ploicloud/internal/provider/application_resource.go:421.44,423.4 1 1
github.com/ploi/terraform-provider-ploicloud/internal/provider/application_resource.go:426.2,426.34 1 1
github.com/ploi/terraform-provider-ploicloud/internal/provider/application_resource.go:426.34,429.33 3 1
github.com/ploi/terraform-provider-ploicloud/internal/provider/application_resource.go:429.33,431.4 1 1
github.com/ploi/terraform-provider-ploicloud/internal/provider/application_resource.go:434.2,434.33 1 1
github.com/ploi/terraform-provider-ploicloud/internal/provider/application_resource.go:434.33,437.33 3 1
github.com/ploi/terraform-provider-ploicloud/internal/provider/application_resource.go:437.33,439.4 1 1
github.com/ploi/terraform-provider-ploicloud/internal/provider/application_resource.go:442.2,442.74 1 1
github.com/ploi/terraform-provider-ploicloud/internal/provider/application_resource.go:442.74,444.3 1 1
github.com/ploi/terraform-provider-ploicloud/internal/provider/application_resource.go:446.2,446.34 1 1
github.com/ploi/terraform-provider-ploicloud/internal/provider/application_resource.go:446.34,449.33 3 0
github.com/ploi/terraform-provider-ploicloud/internal/provider/application_resource.go:449.33,451.4 1 0
github.com/ploi/terraform-provider-ploicloud/internal/provider/application_resource.go:454.2,454.32 1 1
github.com/ploi/terraform-provider-ploicloud/internal/provider/application_resource.go:454.32,457.33 3 0
github.com/ploi/terraform-provider-ploicloud/internal/provider/application_resource.go:457.33,459.4 1 0
github.com/ploi/terraform-provider-ploicloud/internal/provider/application_resource.go:462.2,462.12 1 1
github.com/ploi/terraform-provider-ploicloud/internal/provider/application_resource.go:465.103,469.25 2 1
github.com/ploi/terraform-provider-ploicloud/internal/provider/application_resource.go:469.25,470.93 1 1
github.com/ploi/terraform-provider-ploicloud/internal/provider/application_resource.go:470.93,472.4 1 1
github.com/ploi/terraform-provider-ploicloud/internal/provider/application_resource.go:473.3,473.87 1 1
github.com/ploi/terraform-provider-ploicloud/internal/provider/application_resource.go:473.87,475.4 1 0
github.com/ploi/terraform-provider-ploicloud/internal/provider/application_resource.go:478.2,478.26 1 1
github.com/ploi/terraform-provider-ploicloud/internal/provider/application_resource.go:478.26,479.99 1 1
github.com/ploi/terraform-provider-ploicloud/internal/provider/application_resource.go:479.99,481.4 1 0
github.com/ploi/terraform-provider-ploicloud/internal/provider/application_resource.go:482.3,482.47 1 1
github.com/ploi/terraform-provider-ploicloud/internal/provider/application_resource.go:482.47,484.4 1 0
github.com/ploi/terraform-provider-ploicloud/internal/provider/application_resource.go:485.3,485.39 1 1
github.com/ploi/terraform-provider-ploicloud/internal/provider/application_resource.go:485.39,487.4 1 1
github.com/ploi/terraform-provider-ploicloud/internal/provider/application_resource.go:488.3,488.89 1 1
github.com/ploi/terraform-provider-ploicloud/internal/provider/application_resource.go:488.89,490.4 1 0
github.com/ploi/terraform-provider-ploicloud/internal/provider/application_resource.go:491.3,491.95 1 1
github.com/ploi/terraform-provider-ploicloud/internal/provider/application_resource.go:491.95,493.4 1 1
github.com/ploi/terraform-provider-ploicloud/internal/provider/application_resource.go:496.2,496.34 1 1
github.com/ploi/terraform-provider-ploicloud/internal/provider/application_resource.go:496.34,500.33 4 0
github.com/ploi/terraform-provider-ploicloud/internal/provider/application_resource.go:500.33,502.4 1 0
github.com/ploi/terraform-provider-ploicloud/internal/provider/application_resource.go:503.3,503.24 1 0
github.com/ploi/terraform-provider-ploicloud/internal/provider/application_resource.go:503.24,505.4 1 0
github.com/ploi/terraform-provider-ploicloud/internal/provider/application_resource.go:508.2,508.33 1 1
github.com/ploi/terraform-provider-ploicloud/internal/provider/application_resource.go:508.33,512.33 4 0
github.com/ploi/terraform-provider-ploicloud/internal/provider/application_resource.go:512.33,514.4 1 0
github.com/ploi/terraform-provider-ploicloud/internal/provider/application_resource.go:515.3,515.24 1 0
github.com/ploi/terraform-provider-ploicloud/internal/provider/application_resource.go:515.24,517.4 1 0
github.com/ploi/terraform-provider-ploicloud/internal/provider/application_resource.go:520.2,520.15 1 1
github.com/ploi/terraform-provider-ploicloud/internal/provider/application_resource.go:523.101,529.71 4 1
github.com/ploi/terraform-provider-ploicloud/internal/provider/application_resource.go:529.71,531.3 1 0
github.com/ploi/terraform-provider-ploicloud/internal/provider/application_resource.go:533.2,538.65 4 1
github.com/ploi/terraform-provider-ploicloud/internal/provider/application_resource.go:538.65,540.3 1 0
github.com/ploi/terraform-provider-ploicloud/internal/provider/application_resource.go:543.2,543.29 1 1
github.com/ploi/terraform-provider-ploicloud/internal/provider/application_resource.go:543.29,545.3 1 0
github.com/ploi/terraform-provider-ploicloud/internal/provider/application_resource.go:546.2,546.31 1 1
github.com/ploi/terraform-provider-ploicloud/internal/provider/application_resource.go:546.31,548.3 1 0
github.com/ploi/terraform-provider-ploicloud/internal/provider/application_resource.go:549.2,549.30 1 1
github.com/ploi/terraform-provider-ploicloud/internal/provider/application_resource.go:549.30,551.3 1 0
github.com/ploi/terraform-provider-ploicloud/internal/provider/application_resource.go:552.2,552.29 1 1
github.com/ploi/terraform-provider-ploicloud/internal/provider/application_resource.go:552.29,554.3 1 0
github.com/ploi/terraform-provider-ploicloud/internal/provider/application_resource.go:555.2,555.22 1 1
github.com/ploi/terraform-provider-ploicloud/internal/provider/application_resource.go:555.22,557.3 1 0
github.com/ploi/terraform-provider-ploicloud/internal/provider/application_resource.go:562.2,562.30 1 1
github.com/ploi/terraform-provider-ploicloud/internal/provider/application_resource.go:562.30,564.3 1 0
github.com/ploi/terraform-provider-ploicloud/internal/provider/application_resource.go:566.2,566.25 1 1
github.com/ploi/terraform-provider-ploicloud/internal/provider/application_resource.go:566.25,568.3 1 1
github.com/ploi/terraform-provider-ploicloud/internal/provider/application_resource.go:571.2,571.48 1 1
github.com/ploi/terraform-provider-ploicloud/internal/provider/application_resource.go:571.48,573.64 1 1
github.com/ploi/terraform-provider-ploicloud/internal/provider/application_resource.go:573.64,575.4 1 0
github.com/ploi/terraform-provider-ploicloud/internal/provider/application_resource.go:577.3,577.50 1 1
github.com/ploi/terraform-provider-ploicloud/internal/provider/application_resource.go:578.8,578.33 1 1
github.com/ploi/terraform-provider-ploicloud/internal/provider/application_resource.go:578.33,580.70 1 1
github.com/ploi/terraform-provider-ploicloud/internal/provider/application_resource.go:580.70,582.4 1 0
github.com/ploi/terraform-provider-ploicloud/internal/provider/application_resource.go:584.3,584.47 1 1
github.com/ploi/terraform-provider-ploicloud/internal/provider/application_resource.go:587.2,587.26 1 1
github.com/ploi/terraform-provider-ploicloud/internal/provider/application_resource.go:587.26,589.3 1 1
github.com/ploi/terraform-provider-ploicloud/internal/provider/application_resource.go:591.2,591.31 1 1
github.com/ploi/terraform-provider-ploicloud/internal/provider/application_resource.go:591.31,593.3 1 0
github.com/ploi/terraform-provider-ploicloud/internal/provider/application_resource.go:594.2,595.23 2 1
github.com/ploi/terraform-provider-ploicloud/internal/provider/application_resource.go:595.23,597.3 1 0
github.com/ploi/terraform-provider-ploicloud/internal/provider/application_resource.go:598.2,598.26 1 1
github.com/ploi/terraform-provider-ploicloud/internal/provider/application_resource.go:598.26,600.3 1 0
github.com/ploi/terraform-provider-ploicloud/internal/provider/application_resource.go:601.2,601.29 1 1
github.com/ploi/terraform-provider-ploicloud/internal/provider/application_resource.go:601.29,603.3 1 0
github.com/ploi/terraform-provider-ploicloud/internal/provider/application_resource.go:605.2,605.32 1 1
github.com/ploi/terraform-provider-ploicloud/internal/provider/application_resource.go:605.32,607.41 2 0
github.com/ploi/terraform-provider-ploicloud/internal/provider/application_resource.go:607.41,609.4 1 0
github.com/ploi/terraform-provider-ploicloud/internal/provider/application_resource.go:610.3,610.96 1 0
github.com/ploi/terraform-provider-ploicloud/internal/provider/application_resource.go:613.2,613.31 1 1
github.com/ploi/terraform-provider-ploicloud/internal/provider/application_resource.go:613.31,615.40 2 0
github.com/ploi/terraform-provider-ploicloud/internal/provider/application_resource.go:615.40,617.4 1 0
github.com/ploi/terraform-provider-ploicloud/internal/provider/application_resource.go:618.3,618.95 1 0
github.com/ploi/terraform-provider-ploicloud/internal/provider/application_resource.go:622.2,622.59 1 1
github.com/ploi/terraform-provider-ploicloud/internal/provider/application_resource.go:622.59,624.3 1 1
github.com/ploi/terraform-provider-ploicloud/internal/provider/application_resource.go:626.2,626.32 1 1
github.com/ploi/terraform-provider-ploicloud/internal/provider/application_resource.go:626.32,628.41 2 0
github.com/ploi/terraform-provider-ploicloud/internal/provider/application_resource.go:628.41,630.4 1 0
github.com/ploi/terraform-provider-ploicloud/internal/provider/application_resource.go:631.3,631.96 1 0
github.com/ploi/terraform-provider-ploicloud/internal/provider/application_resource.go:634.2,634.30 1 1
github.com/ploi/terraform-provider-ploicloud/internal/provider/application_resource.go:634.30,636.43 2 0
github.com/ploi/terraform-provider-ploicloud/internal/provider/application_resource.go:636.43,638.4 1 0
github.com/ploi/terraform-provider-ploicloud/internal/provider/application_resource.go:639.3,639.94 1 0
github.com/ploi/terraform-provider-ploicloud/internal/provider/domain_resource.go:19.44,21.2 1 0
github.com/ploi/terraform-provider-ploicloud/internal/provider/domain_resource.go:34.119,36.2 1 0
github.com/ploi/terraform-provider-ploicloud/internal/provider/domain_resource.go:38.113,61.2 1 0
github.com/ploi/terraform-provider-ploicloud/internal/provider/domain_resource.go:63.122,64.29 1 0
github.com/ploi/terraform-provider-ploicloud/internal/provider/domain_resource.go:64.29,66.3 1 0
github.com/ploi/terraform-provider-ploicloud/internal/provider/domain_resource.go:68.2,69.9 2 0
github.com/ploi/terraform-provider-ploicloud/internal/provider/domain_resource.go:69.9,75.3 2 0
github.com/ploi/terraform-provider-ploicloud/internal/provider/domain_resource.go:77.2,77.19 1 0
github.com/ploi/terraform-provider-ploicloud/internal/provider/domain_resource.go:80.113,84.33 3 0
github.com/ploi/terraform-provider-ploicloud/internal/provider/domain_resource.go:84.33,86.3 1 0
github.com/ploi/terraform-provider-ploicloud/internal/provider/domain_resource.go:88.2,91.16 3 0
github.com/ploi/terraform-provider-ploicloud/internal/provider/domain_resource.go:91.16,94.3 2 0
github.com/ploi/terraform-provider-ploicloud/internal/provider/domain_resource.go:96.2,98.56 2 0
github.com/ploi/terraform-provider-ploicloud/internal/provider/domain_resource.go:101.107,105.33 3 0
github.com/ploi/terraform-provider-ploicloud/internal/provider/domain_resource.go:105.33,107.3 1 0
github.com/ploi/terraform-provider-ploicloud/internal/provider/domain_resource.go:109.2,110.16 2 0
github.com/ploi/terraform-provider-ploicloud/internal/provider/domain_resource.go:110.16,113.3 2 0
github.com/ploi/terraform-provider-ploicloud/internal/provider/domain_resource.go:115.2,115.19 1 0
github.com/ploi/terraform-provider-ploicloud/internal/provider/domain_resource.go:115.19,118.3 2 0
github.com/ploi/terraform-provider-ploicloud/internal/provider/domain_resource.go:120.2,122.56 2 0
github.com/ploi/terraform-provider-ploicloud/internal/provider/domain_resource.go:125.113,129.33 3 0
github.com/ploi/terraform-provider-ploicloud/internal/provider/domain_resource.go:129.33,131.3 1 0
github.com/ploi/terraform-provider-ploicloud/internal/provider/domain_resource.go:133.2,133.105 1 0
github.com/ploi/terraform-provider-ploicloud/internal/provider/domain_resource.go:136.113,140.33 3 0
github.com/ploi/terraform-provider-ploicloud/internal/provider/domain_resource.go:140.33,142.3 1 0
github.com/ploi/terraform-provider-ploicloud/internal/provider/domain_resource.go:144.2,145.16 2 0
github.com/ploi/terraform-provider-ploicloud/internal/provider/domain_resource.go:145.16,148.3 2 0
github.com/ploi/terraform-provider-ploicloud/internal/provider/domain_resource.go:151.128,153.21 2 0
github.com/ploi/terraform-provider-ploicloud/internal/provider/domain_resource.go:153.21,156.3 2 0
github.com/ploi/terraform-provider-ploicloud/internal/provider/domain_resource.go:158.2,159.16 2 0
github.com/ploi/terraform-provider-ploicloud/internal/provider/domain_resource.go:159.16,162.3 2 0
github.com/ploi/terraform-provider-ploicloud/internal/provider/domain_resource.go:164.2,165.16 2 0
github.com/ploi/terraform-provider-ploicloud/internal/provider/domain_resource.go:165.16,168.3 2 0
github.com/ploi/terraform-provider-ploicloud/internal/provider/domain_resource.go:170.2,171.85 2 0
github.com/ploi/terraform-provider-ploicloud/internal/provider/domain_resource.go:174.90,180.23 2 0
github.com/ploi/terraform-provider-ploicloud/internal/provider/domain_resource.go:180.23,182.3 1 0
github.com/ploi/terraform-provider-ploicloud/internal/provider/domain_resource.go:184.2,184.15 1 0
github.com/ploi/terraform-provider-ploicloud/internal/provider/domain_resource.go:187.100,192.2 4 0
github.com/ploi/terraform-provider-ploicloud/internal/provider/provider.go:26.122,29.2 2 0
github.com/ploi/terraform-provider-ploicloud/internal/provider/provider.go:31.116,46.2 1 0
github.com/ploi/terraform-provider-ploicloud/internal/provider/provider.go:48.125,52.33 3 0
github.com/ploi/terraform-provider-ploicloud/internal/provider/provider.go:52.33,54.3 1 0
github.com/ploi/terraform-provider-ploicloud/internal/provider/provider.go:56.2,57.31 2 0
github.com/ploi/terraform-provider-ploicloud/internal/provider/provider.go:57.31,59.3 1 0
github.com/ploi/terraform-provider-ploicloud/internal/provider/provider.go:61.2,61.20 1 0
github.com/ploi/terraform-provider-ploicloud/internal/provider/provider.go:61.20,69.3 2 0
github.com/ploi/terraform-provider-ploicloud/internal/provider/provider.go:71.2,76.28 4 0
github.com/ploi/terraform-provider-ploicloud/internal/provider/provider.go:79.87,88.2 1 0
github.com/ploi/terraform-provider-ploicloud/internal/provider/provider.go:90.93,95.2 1 0
github.com/ploi/terraform-provider-ploicloud/internal/provider/provider.go:97.51,98.34 1 1
github.com/ploi/terraform-provider-ploicloud/internal/provider/provider.go:98.34,102.3 1 1
github.com/ploi/terraform-provider-ploicloud/internal/provider/secret_resource.go:19.44,21.2 1 0
github.com/ploi/terraform-provider-ploicloud/internal/provider/secret_resource.go:33.119,35.2 1 0
github.com/ploi/terraform-provider-ploicloud/internal/provider/secret_resource.go:37.113,57.2 1 0
github.com/ploi/terraform-provider-ploicloud/internal/provider/secret_resource.go:59.122,60.29 1 0
github.com/ploi/terraform-provider-ploicloud/internal/provider/secret_resource.go:60.29,62.3 1 0
github.com/ploi/terraform-provider-ploicloud/internal/provider/secret_resource.go:64.2,65.9 2 0
github.com/ploi/terraform-provider-ploicloud/internal/provider/secret_resource.go:65.9,71.3 2 0
github.com/ploi/terraform-provider-ploicloud/internal/provider/secret_resource.go:73.2,73.19 1 0
github.com/ploi/terraform-provider-ploicloud/internal/provider/secret_resource.go:76.113,80.33 3 0
github.com/ploi/terraform-provider-ploicloud/internal/provider/secret_resource.go:80.33,82.3 1 0
github.com/ploi/terraform-provider-ploicloud/internal/provider/secret_resource.go:84.2,88.16 3 0
github.com/ploi/terraform-provider-ploicloud/internal/provider/secret_resource.go:88.16,90.54 1 0
github.com/ploi/terraform-provider-ploicloud/internal/provider/secret_resource.go:90.54,92.24 2 0
github.com/ploi/terraform-provider-ploicloud/internal/provider/secret_resource.go:92.24,95.5 2 0
github.com/ploi/terraform-provider-ploicloud/internal/provider/secret_resource.go:96.4,96.34 1 0
github.com/ploi/terraform-provider-ploicloud/internal/provider/secret_resource.go:97.9,100.4 2 0
github.com/ploi/terraform-provider-ploicloud/internal/provider/secret_resource.go:101.8,103.3 1 0
github.com/ploi/terraform-provider-ploicloud/internal/provider/secret_resource.go:105.2,105.56 1 0
github.com/ploi/terraform-provider-ploicloud/internal/provider/secret_resource.go:108.107,112.33 3 0
github.com/ploi/terraform-provider-ploicloud/internal/provider/secret_resource.go:112.33,114.3 1 0
github.com/ploi/terraform-provider-ploicloud/internal/provider/secret_resource.go:116.2,117.16 2 0
github.com/ploi/terraform-provider-ploicloud/internal/provider/secret_resource.go:117.16,120.3 2 0
github.com/ploi/terraform-provider-ploicloud/internal/provider/secret_resource.go:122.2,122.19 1 0
github.com/ploi/terraform-provider-ploicloud/internal/provider/secret_resource.go:122.19,125.3 2 0
github.com/ploi/terraform-provider-ploicloud/internal/provider/secret_resource.go:127.2,129.56 2 0
github.com/ploi/terraform-provider-ploicloud/internal/provider/secret_resource.go:132.113,136.33 3 0
github.com/ploi/terraform-provider-ploicloud/internal/provider/secret_resource.go:136.33,138.3 1 0
github.com/ploi/terraform-provider-ploicloud/internal/provider/secret_resource.go:140.2,143.16 3 0
github.com/ploi/terraform-provider-ploicloud/internal/provider/secret_resource.go:143.16,146.3 2 0
github.com/ploi/terraform-provider-ploicloud/internal/provider/secret_resource.go:148.2,150.56 2 0
github.com/ploi/terraform-provider-ploicloud/internal/provider/secret_resource.go:153.113,157.33 3 0
github.com/ploi/terraform-provider-ploicloud/internal/provider/secret_resource.go:157.33,159.3 1 0
github.com/ploi/terraform-provider-ploicloud/internal/provider/secret_resource.go:161.2,162.16 2 0
github.com/ploi/terraform-provider-ploicloud/internal/provider/secret_resource.go:162.16,165.3 2 0
github.com/ploi/terraform-provider-ploicloud/internal/provider/secret_resource.go:168.128,170.21 2 0
github.com/ploi/terraform-provider-ploicloud/internal/provider/secret_resource.go:170.21,173.3 2 0
github.com/ploi/terraform-provider-ploicloud/internal/provider/secret_resource.go:175.2,176.16 2 0
github.com/ploi/terraform-provider-ploicloud/internal/provider/secret_resource.go:176.16,179.3 2 0
github.com/ploi/terraform-provider-ploicloud/internal/provider/secret_resource.go:181.2,184.87 3 0
github.com/ploi/terraform-provider-ploicloud/internal/provider/secret_resource.go:187.90,193.2 1 0
github.com/ploi/terraform-provider-ploicloud/internal/provider/secret_resource.go:195.100,197.31 1 0
github.com/ploi/terraform-provider-ploicloud/internal/provider/secret_resource.go:197.31,199.3 1 0
github.com/ploi/terraform-provider-ploicloud/internal/provider/secret_resource.go:201.2,205.54 2 0
github.com/ploi/terraform-provider-ploicloud/internal/provider/secret_resource.go:205.54,207.3 1 0
github.com/ploi/terraform-provider-ploicloud/internal/provider/service_resource.go:21.45,23.2 1 1
github.com/ploi/terraform-provider-ploicloud/internal/provider/service_resource.go:44.120,46.2 1 0
github.com/ploi/terraform-provider-ploicloud/internal/provider/service_resource.go:48.114,114.2 1 1
github.com/ploi/terraform-provider-ploicloud/internal/provider/service_resource.go:116.123,117.29 1 0
github.com/ploi/terraform-provider-ploicloud/internal/provider/service_resource.go:117.29,119.3 1 0
github.com/ploi/terraform-provider-ploicloud/internal/provider/service_resource.go:121.2,122.9 2 0
github.com/ploi/terraform-provider-ploicloud/internal/provider/service_resource.go:122.9,128.3 2 0
github.com/ploi/terraform-provider-ploicloud/internal/provider/service_resource.go:130.2,130.19 1 0
github.com/ploi/terraform-provider-ploicloud/internal/provider/service_resource.go:133.114,137.33 3 0
github.com/ploi/terraform-provider-ploicloud/internal/provider/service_resource.go:137.33,139.3 1 0
github.com/ploi/terraform-provider-ploicloud/internal/provider/service_resource.go:141.2,144.16 3 0
github.com/ploi/terraform-provider-ploicloud/internal/provider/service_resource.go:144.16,147.3 2 0
github.com/ploi/terraform-provider-ploicloud/internal/provider/service_resource.go:150.2,153.56 3 0
github.com/ploi/terraform-provider-ploicloud/internal/provider/service_resource.go:156.108,160.33 3 0
github.com/ploi/terraform-provider-ploicloud/internal/provider/service_resource.go:160.33,162.3 1 0
github.com/ploi/terraform-provider-ploicloud/internal/provider/service_resource.go:164.2,165.16 2 0
github.com/ploi/terraform-provider-ploicloud/internal/provider/service_resource.go:165.16,168.3 2 0
github.com/ploi/terraform-provider-ploicloud/internal/provider/service_resource.go:170.2,170.20 1 0
github.com/ploi/terraform-provider-ploicloud/internal/provider/service_resource.go:170.20,173.3 2 0
github.com/ploi/terraform-provider-ploicloud/internal/provider/service_resource.go:175.2,177.56 2 0
github.com/ploi/terraform-provider-ploicloud/internal/provider/service_resource.go:180.114,185.33 4 0
github.com/ploi/terraform-provider-ploicloud/internal/provider/service_resource.go:185.33,187.3 1 0
github.com/ploi/terraform-provider-ploicloud/internal/provider/service_resource.go:189.2,190.33 2 0
github.com/ploi/terraform-provider-ploicloud/internal/provider/service_resource.go:190.33,192.3 1 0
github.com/ploi/terraform-provider-ploicloud/internal/provider/service_resource.go:195.2,202.16 5 0
github.com/ploi/terraform-provider-ploicloud/internal/provider/service_resource.go:202.16,205.3 2 0
github.com/ploi/terraform-provider-ploicloud/internal/provider/service_resource.go:208.2,211.56 3 0
github.com/ploi/terraform-provider-ploicloud/internal/provider/service_resource.go:214.114,218.33 3 0
github.com/ploi/terraform-provider-ploicloud/internal/provider/service_resource.go:218.33,220.3 1 0
github.com/ploi/terraform-provider-ploicloud/internal/provider/service_resource.go:222.2,223.16 2 0
github.com/ploi/terraform-provider-ploicloud/internal/provider/service_resource.go:223.16,226.3 2 0
github.com/ploi/terraform-provider-ploicloud/internal/provider/service_resource.go:229.129,231.21 2 0
github.com/ploi/terraform-provider-ploicloud/internal/provider/service_resource.go:231.21,234.3 2 0
github.com/ploi/terraform-provider-ploicloud/internal/provider/service_resource.go:236.2,237.16 2 0
github.com/ploi/terraform-provider-ploicloud/internal/provider/service_resource.go:237.16,240.3 2 0
github.com/ploi/terraform-provider-ploicloud/internal/provider/service_resource.go:242.2,243.16 2 0
github.com/ploi/terraform-provider-ploicloud/internal/provider/service_resource.go:243.16,246.3 2 0
github.com/ploi/terraform-provider-ploicloud/internal/provider/service_resource.go:248.2,249.86 2 0
github.com/ploi/terraform-provider-ploicloud/internal/provider/service_resource.go:252.93,259.23 2 1
github.com/ploi/terraform-provider-ploicloud/internal/provider/service_resource.go:259.23,261.3 1 1
github.com/ploi/terraform-provider-ploicloud/internal/provider/service_resource.go:263.2,263.58 1 1
github.com/ploi/terraform-provider-ploicloud/internal/provider/service_resource.go:263.58,265.3 1 1
github.com/ploi/terraform-provider-ploicloud/internal/provider/service_resource.go:268.2,268.29 1 1
github.com/ploi/terraform-provider-ploicloud/internal/provider/service_resource.go:268.29,272.3 3 0
github.com/ploi/terraform-provider-ploicloud/internal/provider/service_resource.go:275.2,275.29 1 1
github.com/ploi/terraform-provider-ploicloud/internal/provider/service_resource.go:275.29,277.3 1 0
github.com/ploi/terraform-provider-ploicloud/internal/provider/service_resource.go:279.2,279.70 1 1
github.com/ploi/terraform-provider-ploicloud/internal/provider/service_resource.go:279.70,281.3 1 0
github.com/ploi/terraform-provider-ploicloud/internal/provider/service_resource.go:283.2,283.76 1 1
github.com/ploi/terraform-provider-ploicloud/internal/provider/service_resource.go:283.76,285.3 1 1
github.com/ploi/terraform-provider-ploicloud/internal/provider/service_resource.go:287.2,287.72 1 1
github.com/ploi/terraform-provider-ploicloud/internal/provider/service_resource.go:287.72,289.3 1 1
github.com/ploi/terraform-provider-ploicloud/internal/provider/service_resource.go:292.2,292.31 1 1
github.com/ploi/terraform-provider-ploicloud/internal/provider/service_resource.go:292.31,296.3 3 1
github.com/ploi/terraform-provider-ploicloud/internal/provider/service_resource.go:298.2,298.16 1 1
github.com/ploi/terraform-provider-ploicloud/internal/provider/service_resource.go:301.104,316.33 11 1
github.com/ploi/terraform-provider-ploicloud/internal/provider/service_resource.go:316.33,318.42 2 1
github.com/ploi/terraform-provider-ploicloud/internal/provider/service_resource.go:318.42,320.4 1 1
github.com/ploi/terraform-provider-ploicloud/internal/provider/service_resource.go:321.3,321.95 1 1
github.com/ploi/terraform-provider-ploicloud/internal/provider/service_resource.go:322.8,324.3 1 1
github.com/ploi/terraform-provider-ploicloud/internal/provider/service_resource.go:326.2,326.31 1 1
github.com/ploi/terraform-provider-ploicloud/internal/provider/service_resource.go:326.31,328.46 2 0
github.com/ploi/terraform-provider-ploicloud/internal/provider/service_resource.go:328.46,330.4 1 0
github.com/ploi/terraform-provider-ploicloud/internal/provider/service_resource.go:331.3,331.93 1 0
github.com/ploi/terraform-provider-ploicloud/internal/provider/team_data_source.go:15.48,17.2 1 0
github.com/ploi/terraform-provider-ploicloud/internal/provider/team_data_source.go:28.123,30.2 1 0
github.com/ploi/terraform-provider-ploicloud/internal/provider/team_data_source.go:32.117,47.2 1 0
github.com/ploi/terraform-provider-ploicloud/internal/provider/team_data_source.go:49.126,50.29 1 0
github.com/ploi/terraform-provider-ploicloud/internal/provider/team_data_source.go:50.29,52.3 1 0
github.com/ploi/terraform-provider-ploicloud/internal/provider/team_data_source.go:54.2,55.9 2 0
github.com/ploi/terraform-provider-ploicloud/internal/provider/team_data_source.go:55.9,61.3 2 0
github.com/ploi/terraform-provider-ploicloud/internal/provider/team_data_source.go:63.2,63.19 1 0
github.com/ploi/terraform-provider-ploicloud/internal/provider/team_data_source.go:66.111,70.33 3 0
github.com/ploi/terraform-provider-ploicloud/internal/provider/team_data_source.go:70.33,72.3 1 0
github.com/ploi/terraform-provider-ploicloud/internal/provider/team_data_source.go:74.2,76.56 2 0
github.com/ploi/terraform-provider-ploicloud/internal/provider/volume_resource.go:19.44,21.2 1 1
github.com/ploi/terraform-provider-ploicloud/internal/provider/volume_resource.go:37.119,39.2 1 0
github.com/ploi/terraform-provider-ploicloud/internal/provider/volume_resource.go:41.113,77.2 1 1
github.com/ploi/terraform-provider-ploicloud/internal/provider/volume_resource.go:79.122,80.29 1 0
github.com/ploi/terraform-provider-ploicloud/internal/provider/volume_resource.go:80.29,82.3 1 0
github.com/ploi/terraform-provider-ploicloud/internal/provider/volume_resource.go:84.2,85.9 2 0
github.com/ploi/terraform-provider-ploicloud/internal/provider/volume_resource.go:85.9,91.3 2 0
github.com/ploi/terraform-provider-ploicloud/internal/provider/volume_resource.go:93.2,93.19 1 0
github.com/ploi/terraform-provider-ploicloud/internal/provider/volume_resource.go:96.113,100.33 3 0
github.com/ploi/terraform-provider-ploicloud/internal/provider/volume_resource.go:100.33,102.3 1 0
github.com/ploi/terraform-provider-ploicloud/internal/provider/volume_resource.go:104.2,107.16 3 0
github.com/ploi/terraform-provider-ploicloud/internal/provider/volume_resource.go:107.16,110.3 2 0
github.com/ploi/terraform-provider-ploicloud/internal/provider/volume_resource.go:112.2,114.56 2 0
github.com/ploi/terraform-provider-ploicloud/internal/provider/volume_resource.go:117.107,121.33 3 0
github.com/ploi/terraform-provider-ploicloud/internal/provider/volume_resource.go:121.33,123.3 1 0
github.com/ploi/terraform-provider-ploicloud/internal/provider/volume_resource.go:125.2,126.16 2 0
github.com/ploi/terraform-provider-ploicloud/internal/provider/volume_resource.go:126.16,129.3 2 0
github.com/ploi/terraform-provider-ploicloud/internal/provider/volume_resource.go:131.2,131.19 1 0
github.com/ploi/terraform-provider-ploicloud/internal/provider/volume_resource.go:131.19,134.3 2 0
github.com/ploi/terraform-provider-ploicloud/internal/provider/volume_resource.go:136.2,138.56 2 0
github.com/ploi/terraform-provider-ploicloud/internal/provider/volume_resource.go:141.113,145.33 3 0
github.com/ploi/terraform-provider-ploicloud/internal/provider/volume_resource.go:145.33,147.3 1 0
github.com/ploi/terraform-provider-ploicloud/internal/provider/volume_resource.go:149.2,152.16 3 0
github.com/ploi/terraform-provider-ploicloud/internal/provider/volume_resource.go:152.16,155.3 2 0
github.com/ploi/terraform-provider-ploicloud/internal/provider/volume_resource.go:157.2,159.56 2 0
github.com/ploi/terraform-provider-ploicloud/internal/provider/volume_resource.go:162.113,166.33 3 0
github.com/ploi/terraform-provider-ploicloud/internal/provider/volume_resource.go:166.33,168.3 1 0
github.com/ploi/terraform-provider-ploicloud/internal/provider/volume_resource.go:170.2,171.16 2 0
github.com/ploi/terraform-provider-ploicloud/internal/provider/volume_resource.go:171.16,174.3 2 0
github.com/ploi/terraform-provider-ploicloud/internal/provider/volume_resource.go:177.128,179.21 2 0
github.com/ploi/terraform-provider-ploicloud/internal/provider/volume_resource.go:179.21,182.3 2 0
github.com/ploi/terraform-provider-ploicloud/internal/provider/volume_resource.go:184.2,185.16 2 0
github.com/ploi/terraform-provider-ploicloud/internal/provider/volume_resource.go:185.16,188.3 2 0
github.com/ploi/terraform-provider-ploicloud/internal/provider/volume_resource.go:190.2,191.16 2 0
github.com/ploi/terraform-provider-ploicloud/internal/provider/volume_resource.go:191.16,194.3 2 0
github.com/ploi/terraform-provider-ploicloud/internal/provider/volume_resource.go:196.2,197.85 2 0
github.com/ploi/terraform-provider-ploicloud/internal/provider/volume_resource.go:200.90,208.23 2 1
github.com/ploi/terraform-provider-ploicloud/internal/provider/volume_resource.go:208.23,210.3 1 1
github.com/ploi/terraform-provider-ploicloud/internal/provider/volume_resource.go:212.2,212.74 1 1
github.com/ploi/terraform-provider-ploicloud/internal/provider/volume_resource.go:212.74,214.3 1 1
github.com/ploi/terraform-provider-ploicloud/internal/provider/volume_resource.go:216.2,216.15 1 1
github.com/ploi/terraform-provider-ploicloud/internal/provider/volume_resource.go:219.100,227.2 7 1
github.com/ploi/terraform-provider-ploicloud/internal/provider/worker_resource.go:21.44,23.2 1 1
github.com/ploi/terraform-provider-ploicloud/internal/provider/worker_resource.go:41.119,43.2 1 0
github.com/ploi/terraform-provider-ploicloud/internal/provider/worker_resource.go:45.113,94.2 1 1
github.com/ploi/terraform-provider-ploicloud/internal/provider/worker_resource.go:96.122,97.29 1 0
github.com/ploi/terraform-provider-ploicloud/internal/provider/worker_resource.go:97.29,99.3 1 0
github.com/ploi/terraform-provider-ploicloud/internal/provider/worker_resource.go:101.2,102.9 2 0
github.com/ploi/terraform-provider-ploicloud/internal/provider/worker_resource.go:102.9,108.3 2 0
github.com/ploi/terraform-provider-ploicloud/internal/provider/worker_resource.go:110.2,110.19 1 0
github.com/ploi/terraform-provider-ploicloud/internal/provider/worker_resource.go:113.113,117.33 3 0
github.com/ploi/terraform-provider-ploicloud/internal/provider/worker_resource.go:117.33,119.3 1 0
github.com/ploi/terraform-provider-ploicloud/internal/provider/worker_resource.go:121.2,124.16 3 0
github.com/ploi/terraform-provider-ploicloud/internal/provider/worker_resource.go:124.16,127.3 2 0
github.com/ploi/terraform-provider-ploicloud/internal/provider/worker_resource.go:129.2,131.56 2 0
github.com/ploi/terraform-provider-ploicloud/internal/provider/worker_resource.go:134.107,138.33 3 0
github.com/ploi/terraform-provider-ploicloud/internal/provider/worker_resource.go:138.33,140.3 1 0
github.com/ploi/terraform-provider-ploicloud/internal/provider/worker_resource.go:142.2,143.16 2 0
github.com/ploi/terraform-provider-ploicloud/internal/provider/worker_resource.go:143.16,146.3 2 0
github.com/ploi/terraform-provider-ploicloud/internal/provider/worker_resource.go:148.2,148.19 1 0
github.com/ploi/terraform-provider-ploicloud/internal/provider/worker_resource.go:148.19,151.3 2 0
github.com/ploi/terraform-provider-ploicloud/internal/provider/worker_resource.go:153.2,155.56 2 0
github.com/ploi/terraform-provider-ploicloud/internal/provider/worker_resource.go:158.113,162.33 3 0
github.com/ploi/terraform-provider-ploicloud/internal/provider/worker_resource.go:162.33,164.3 1 0
github.com/ploi/terraform-provider-ploicloud/internal/provider/worker_resource.go:166.2,169.16 3 0
github.com/ploi/terraform-provider-ploicloud/internal/provider/worker_resource.go:169.16,172.3 2 0
github.com/ploi/terraform-provider-ploicloud/internal/provider/worker_resource.go:174.2,176.56 2 0
github.com/ploi/terraform-provider-ploicloud/internal/provider/worker_resource.go:179.113,183.33 3 0
github.com/ploi/terraform-provider-ploicloud/internal/provider/worker_resource.go:183.33,185.3 1 0
github.com/ploi/terraform-provider-ploicloud/internal/provider/worker_resource.go:187.2,188.16 2 0
github.com/ploi/terraform-provider-ploicloud/internal/provider/worker_resource.go:188.16,191.3 2 0
github.com/ploi/terraform-provider-ploicloud/internal/provider/worker_resource.go:194.128,196.21 2 0
github.com/ploi/terraform-provider-ploicloud/internal/provider/worker_resource.go:196.21,199.3 2 0
github.com/ploi/terraform-provider-ploicloud/internal/provider/worker_resource.go:201.2,202.16 2 0
github.com/ploi/terraform-provider-ploicloud/internal/provider/worker_resource.go:202.16,205.3 2 0
github.com/ploi/terraform-provider-ploicloud/internal/provider/worker_resource.go:207.2,208.16 2 0
github.com/ploi/terraform-provider-ploicloud/internal/provider/worker_resource.go:208.16,211.3 2 0
github.com/ploi/terraform-provider-ploicloud/internal/provider/worker_resource.go:213.2,214.85 2 0
github.com/ploi/terraform-provider-ploicloud/internal/provider/worker_resource.go:217.79,225.23 2 1
github.com/ploi/terraform-provider-ploicloud/internal/provider/worker_resource.go:225.23,227.3 1 1
github.com/ploi/terraform-provider-ploicloud/internal/provider/worker_resource.go:229.2,229.58 1 1
github.com/ploi/terraform-provider-ploicloud/internal/provider/worker_resource.go:229.58,231.3 1 1
github.com/ploi/terraform-provider-ploicloud/internal/provider/worker_resource.go:233.2,233.76 1 1
github.com/ploi/terraform-provider-ploicloud/internal/provider/worker_resource.go:233.76,235.3 1 1
github.com/ploi/terraform-provider-ploicloud/internal/provider/worker_resource.go:237.2,237.70 1 1
github.com/ploi/terraform-provider-ploicloud/internal/provider/worker_resource.go:237.70,239.3 1 1
github.com/ploi/terraform-provider-ploicloud/internal/provider/worker_resource.go:241.2,241.15 1 1
github.com/ploi/terraform-provider-ploicloud/internal/provider/worker_resource.go:244.89,254.2 9 1
